<?xml version="1.0" encoding="UTF-8"?>
<testsuite name="HW2_Test" tests="5" skipped="0" failures="0" errors="0" timestamp="2019-11-04T03:56:30" hostname="DESKTOP-8KI6AHF" time="0.059">
  <properties/>
  <testcase name="annotationStressStore" classname="HW2_Test" time="0.004"/>
  <testcase name="instanceEquivalencyTest" classname="HW2_Test" time="0.052"/>
  <testcase name="nonNullAnnotations" classname="HW2_Test" time="0.0"/>
  <testcase name="HW2_Test_annotationTest" classname="HW2_Test" time="0.0"/>
  <testcase name="objectNullTest" classname="HW2_Test" time="0.001"/>
  <system-out><![CDATA[after move:  origin is (0.0,0.0), end is (3.0,3.0)
  PointPolar is [4.242640687119285@90.0]
after rotate: origin is (0.0,0.0), end is (2.5978681687064796E-16,4.242640687119285)
  PointPolar is [0.9999779997579947@60.000727780827376]
30 degrees to 60 degrees: origin is (2.0,1.0), end is (2.499977999677324,1.8660127018922195)
Circle::draw()
Rectangle::draw()
Square::draw()
]]></system-out>
  <system-err><![CDATA[Nov 03, 2019 9:56:30 PM myLogger testLog
INFO: logger test
]]></system-err>
</testsuite>
